<?xml version="1.0" encoding="UTF-8"?>
<!-- Generated by org.testng.reporters.JUnitReportReporter -->
<testsuite name="Test.Day1" tests="2" time="0.012" ignored="0" failures="0" timestamp="31 Mar 2021 06:48:56 GMT" skipped="0" hostname="DESKTOP-QQHIPVQ" errors="0">
  <testcase name="demo" time="0.003" classname="Test.Day1"/>
  <testcase name="addition" time="0.009" classname="Test.Day1"/>
</testsuite> <!-- Test.Day1 -->
