<?xml version="1.0" encoding="UTF-8"?>
<!-- Generated by org.testng.reporters.JUnitReportReporter -->
<testsuite name="Test.Day2" tests="1" time="0.003" ignored="0" failures="0" timestamp="31 Mar 2021 06:48:56 GMT" skipped="0" hostname="DESKTOP-QQHIPVQ" errors="0">
  <testcase name="personalLoan" time="0.003" classname="Test.Day2"/>
</testsuite> <!-- Test.Day2 -->
